<?xml version="1.0" encoding="UTF-8"?>
<!-- Generated by org.testng.reporters.JUnitReportReporter -->
<testsuite skipped="0" hostname="xyz-PC" name="testCases.TC_VideoGameAPI" tests="5" failures="0" timestamp="20 Jan 2021 14:32:14 GMT" time="26.781" errors="0">
  <testcase name="test_getAllVideoGames" time="23.551" classname="testCases.TC_VideoGameAPI"/>
  <testcase name="test_addNewVoideoGame" time="2.634" classname="testCases.TC_VideoGameAPI"/>
  <testcase name="updateVideoGame" time="0.154" classname="testCases.TC_VideoGameAPI"/>
  <testcase name="test_getVideoGame" time="0.130" classname="testCases.TC_VideoGameAPI"/>
  <testcase name="test_DeleteVideoGame" time="0.312" classname="testCases.TC_VideoGameAPI"/>
</testsuite> <!-- testCases.TC_VideoGameAPI -->
