<?xml version="1.0" encoding="UTF-8"?>
<!-- Generated by org.testng.reporters.JUnitReportReporter -->
<testsuite skipped="0" hostname="xyz-PC" name="testCases.TC_reqres" tests="6" failures="0" timestamp="31 Jan 2021 07:50:45 GMT" time="9.071" errors="0">
  <testcase name="getUsers" time="0.383" classname="testCases.TC_reqres"/>
  <testcase name="addnewUser" time="5.621" classname="testCases.TC_reqres"/>
  <testcase name="testDelete" time="0.649" classname="testCases.TC_reqres"/>
  <testcase name="getUser" time="0.970" classname="testCases.TC_reqres"/>
  <testcase name="testPatch" time="0.721" classname="testCases.TC_reqres"/>
  <testcase name="testPut" time="0.727" classname="testCases.TC_reqres"/>
</testsuite> <!-- testCases.TC_reqres -->
